{"level":"info","message":"Asset  03-img.jpg   uploaded.","timestamp":"2017-09-14T10:22:00.815Z"}
{"level":"info","message":"Asset  03.jpg   uploaded.","timestamp":"2017-09-14T10:22:04.741Z"}
{"level":"info","message":"Asset  1.png   uploaded.","timestamp":"2017-09-14T10:22:09.475Z"}
{"level":"info","message":"Asset  3-steps-1.png   uploaded.","timestamp":"2017-09-14T10:22:12.212Z"}
{"level":"info","message":"Asset  3-steps-2.png   uploaded.","timestamp":"2017-09-14T10:22:14.829Z"}
{"level":"info","message":"Asset  3-steps-3.png   uploaded.","timestamp":"2017-09-14T10:22:17.346Z"}
{"level":"info","message":"Asset  3.png   uploaded.","timestamp":"2017-09-14T10:22:20.579Z"}
{"level":"info","message":"Asset  51NXMkW3qUL._SS36_.jpg   uploaded.","timestamp":"2017-09-14T10:22:23.194Z"}
{"level":"info","message":"Asset  51xuocYOCrL._SS40_.jpg   uploaded.","timestamp":"2017-09-14T10:22:25.824Z"}
{"level":"info","message":"Asset  5ways_banner.png   uploaded.","timestamp":"2017-09-14T10:22:30.508Z"}
{"level":"info","message":"Asset  5ways_banner2.jpg   uploaded.","timestamp":"2017-09-14T10:22:35.187Z"}
{"level":"info","message":"Asset  5ways_banner_2x.png   uploaded.","timestamp":"2017-09-14T10:22:43.595Z"}
{"level":"info","message":"Asset  61BDO3gh7RL._AC_UL160_SR160,160_.jpg   uploaded.","timestamp":"2017-09-14T10:22:46.092Z"}
{"level":"info","message":"Asset  61bDg0FcQ6L._CR204,0,1224,1224_UX128.jpg   uploaded.","timestamp":"2017-09-14T10:22:48.601Z"}
{"level":"info","message":"Asset  81-f6zxGi+L._AC_UL160_SR160,160_.jpg   uploaded.","timestamp":"2017-09-14T10:22:51.177Z"}
{"level":"info","message":"Asset  Pasted image at 2017_09_13 12_07 PM.png   uploaded.","timestamp":"2017-09-14T10:22:55.408Z"}
{"level":"info","message":"Asset sent for publishing.","timestamp":"2017-09-14T10:33:07.671Z"}
{"level":"info","message":"Asset sent for publishing.","timestamp":"2017-09-14T10:33:09.894Z"}
{"level":"info","message":"Asset sent for publishing.","timestamp":"2017-09-14T10:33:57.195Z"}
{"level":"info","message":"Asset sent for publishing.","timestamp":"2017-09-14T10:33:59.905Z"}
{"level":"info","message":"Asset sent for publishing.","timestamp":"2017-09-14T10:34:02.082Z"}
{"level":"info","message":"Asset sent for publishing.","timestamp":"2017-09-14T10:34:04.270Z"}
{"level":"info","message":"Asset sent for publishing.","timestamp":"2017-09-14T10:34:06.471Z"}
{"level":"info","message":"Asset sent for publishing.","timestamp":"2017-09-14T10:34:08.626Z"}
{"level":"info","message":"Asset sent for publishing.","timestamp":"2017-09-14T10:34:10.806Z"}
{"level":"info","message":"Asset sent for publishing.","timestamp":"2017-09-14T10:34:12.992Z"}
{"level":"info","message":"Asset sent for publishing.","timestamp":"2017-09-14T10:34:15.293Z"}
{"level":"info","message":"Asset sent for publishing.","timestamp":"2017-09-14T10:34:17.486Z"}
{"level":"info","message":"Asset sent for publishing.","timestamp":"2017-09-14T10:34:19.651Z"}
{"level":"info","message":"Asset sent for publishing.","timestamp":"2017-09-14T10:34:22.008Z"}
{"level":"info","message":"Asset sent for publishing.","timestamp":"2017-09-14T10:34:24.632Z"}
{"level":"info","message":"Asset sent for publishing.","timestamp":"2017-09-14T10:34:27.010Z"}
{"level":"info","message":"Asset Upload Publish has been done. Please check logs at \"libs/utils/logs\" in case of failure.","timestamp":"2017-09-14T10:34:27.011Z"}
{"level":"info","message":"Asset Upload Publish has been done. Please check logs at \"libs/utils/logs\" in case of failure.","timestamp":"2017-09-14T10:38:12.292Z"}
{"level":"info","message":"Asset  03-img.jpg   uploaded.","timestamp":"2017-09-14T10:39:11.647Z"}
{"level":"info","message":"Asset  03.jpg   uploaded.","timestamp":"2017-09-14T10:39:14.932Z"}
{"level":"info","message":"Asset  1.png   uploaded.","timestamp":"2017-09-14T10:39:21.921Z"}
{"level":"info","message":"Asset  3-steps-1.png   uploaded.","timestamp":"2017-09-14T10:39:24.591Z"}
{"level":"info","message":"Asset  3-steps-2.png   uploaded.","timestamp":"2017-09-14T10:39:29.794Z"}
{"level":"info","message":"Asset  3-steps-3.png   uploaded.","timestamp":"2017-09-14T10:39:33.427Z"}
{"level":"info","message":"Asset  3.png   uploaded.","timestamp":"2017-09-14T10:39:36.724Z"}
{"level":"info","message":"Asset  51NXMkW3qUL._SS36_.jpg   uploaded.","timestamp":"2017-09-14T10:39:39.365Z"}
{"level":"info","message":"Asset  51xuocYOCrL._SS40_.jpg   uploaded.","timestamp":"2017-09-14T10:39:41.920Z"}
{"level":"info","message":"Asset  5ways_banner.png   uploaded.","timestamp":"2017-09-14T10:39:54.142Z"}
{"level":"info","message":"Asset  5ways_banner2.jpg   uploaded.","timestamp":"2017-09-14T10:39:59.076Z"}
{"level":"info","message":"Asset  5ways_banner_2x.png   uploaded.","timestamp":"2017-09-14T10:40:04.464Z"}
{"level":"info","message":"Asset  61BDO3gh7RL._AC_UL160_SR160,160_.jpg   uploaded.","timestamp":"2017-09-14T10:40:07.262Z"}
{"level":"info","message":"Asset  61bDg0FcQ6L._CR204,0,1224,1224_UX128.jpg   uploaded.","timestamp":"2017-09-14T10:40:09.811Z"}
{"level":"info","message":"Asset  81-f6zxGi+L._AC_UL160_SR160,160_.jpg   uploaded.","timestamp":"2017-09-14T10:40:12.420Z"}
{"level":"info","message":"Asset  Pasted image at 2017_09_13 12_07 PM.png   uploaded.","timestamp":"2017-09-14T10:40:16.300Z"}
{"level":"info","message":"Asset sent for publishing.","timestamp":"2017-09-14T10:40:28.786Z"}
{"level":"info","message":"Asset sent for publishing.","timestamp":"2017-09-14T10:40:31.087Z"}
{"level":"info","message":"Asset sent for publishing.","timestamp":"2017-09-14T10:40:33.341Z"}
{"level":"info","message":"Asset sent for publishing.","timestamp":"2017-09-14T10:40:35.537Z"}
{"level":"info","message":"Asset sent for publishing.","timestamp":"2017-09-14T10:40:37.821Z"}
{"level":"info","message":"Asset sent for publishing.","timestamp":"2017-09-14T10:40:40.006Z"}
{"level":"info","message":"Asset sent for publishing.","timestamp":"2017-09-14T10:40:42.227Z"}
{"level":"info","message":"Asset sent for publishing.","timestamp":"2017-09-14T10:40:44.455Z"}
{"level":"info","message":"Asset sent for publishing.","timestamp":"2017-09-14T10:40:46.902Z"}
{"level":"info","message":"Asset sent for publishing.","timestamp":"2017-09-14T10:41:22.515Z"}
{"level":"info","message":"Asset sent for publishing.","timestamp":"2017-09-14T10:41:24.776Z"}
{"level":"info","message":"Asset sent for publishing.","timestamp":"2017-09-14T10:42:10.964Z"}
{"level":"info","message":"Asset sent for publishing.","timestamp":"2017-09-14T10:42:14.267Z"}
{"level":"info","message":"Asset sent for publishing.","timestamp":"2017-09-14T10:42:16.574Z"}
{"level":"info","message":"Asset sent for publishing.","timestamp":"2017-09-14T10:42:18.740Z"}
{"level":"info","message":"Asset sent for publishing.","timestamp":"2017-09-14T10:42:20.926Z"}
{"level":"info","message":"Asset Upload Publish has been done. Please check logs at \"libs/utils/logs\" in case of failure.","timestamp":"2017-09-14T10:42:20.927Z"}
